<?xml version="1.0" encoding="UTF-8"?>
<testsuite xmlns:xsi="http://www.w3.org/2001/XMLSchema-instance" xsi:noNamespaceSchemaLocation="https://maven.apache.org/surefire/maven-surefire-plugin/xsd/surefire-test-report-3.0.xsd" version="3.0" name="com.renan.capa.CapaApplicationTests" time="5.689" tests="1" errors="0" skipped="0" failures="0">
  <properties>
[...]
</properties>
  <testcase name="contextLoads" classname="com.renan.capa.CapaApplicationTests" time="1.603">
    <system-out><![CDATA[17:16:38.402 [main] INFO org.springframework.test.context.support.AnnotationConfigContextLoaderUtils -- Could not detect default configuration classes for test class [com.renan.capa.CapaApplicationTests]: CapaApplicationTests does not declare any static, non-private, non-final, nested classes annotated with @Configuration.
17:16:38.586 [main] INFO org.springframework.boot.test.context.SpringBootTestContextBootstrapper -- Found @SpringBootConfiguration com.renan.capa.CapaApplication for test class com.renan.capa.CapaApplicationTests

  .   ____          _            __ _ _
 /\\ / ___'_ __ _ _(_)_ __  __ _ \ \ \ \
( ( )\___ | '_ | '_| | '_ \/ _` | \ \ \ \
 \\/  ___)| |_)| | | | | || (_| |  ) ) ) )
  '  |____| .__|_| |_|_| |_\__, | / / / /
 =========|_|==============|___/=/_/_/_/
 :: Spring Boot ::                (v3.1.2)

2023-07-30T17:16:39.358-03:00  INFO 16480 --- [           main] com.renan.capa.CapaApplicationTests      : Starting CapaApplicationTests using Java 17.0.8 with PID 16480 (started by Renan Cris in C:\Users\Renan Cris\Documents\Laboratorio\projetoCapa\capa)
2023-07-30T17:16:39.361-03:00  INFO 16480 --- [           main] com.renan.capa.CapaApplicationTests      : No active profile set, falling back to 1 default profile: "default"
2023-07-30T17:16:42.224-03:00  INFO 16480 --- [           main] com.renan.capa.CapaApplicationTests      : Started CapaApplicationTests in 3.328 seconds (process running for 4.811)
]]></system-out>
  </testcase>
</testsuite>